2023-10-28 10:40:32 [info]: > Setting up environment: [anvil]
2023-10-28 10:40:32 [info]: Running exploits for environment: [anvil]
2023-10-28 10:40:32 [info]: - - - - - - - - - - - - - - - - - - - - - - - - - - - - - - - - - - - - - - - - - - - - - - - - - - 

Executing tests from: [exp1.js]
2023-10-28 10:40:43 [debug]: All reporting operations should finish before freeing environment resources.
2023-10-28 10:42:50 [info]: > Setting up environment: [anvil]
2023-10-28 10:42:50 [info]: Running exploits for environment: [anvil]
2023-10-28 10:42:50 [info]: - - - - - - - - - - - - - - - - - - - - - - - - - - - - - - - - - - - - - - - - - - - - - - - - - - 

Executing tests from: [exp1.js]
2023-10-28 10:42:54 [debug]: Step 1 transaction was successful!
2023-10-28 10:43:01 [debug]: All reporting operations should finish before freeing environment resources.
2023-10-28 10:43:28 [info]: > Setting up environment: [anvil]
2023-10-28 10:43:28 [info]: Running exploits for environment: [anvil]
2023-10-28 10:43:28 [info]: - - - - - - - - - - - - - - - - - - - - - - - - - - - - - - - - - - - - - - - - - - - - - - - - - - 

Executing tests from: [exp1.js]
2023-10-28 10:43:33 [debug]: Step 1 transaction was successful!
2023-10-28 10:43:33 [debug]: Waiting for 7 seconds to bypass the deadline for product discount...
2023-10-28 10:43:40 [debug]: All reporting operations should finish before freeing environment resources.
2023-10-28 10:45:26 [info]: > Setting up environment: [anvil]
2023-10-28 10:45:26 [info]: Running exploits for environment: [anvil]
2023-10-28 10:45:26 [info]: - - - - - - - - - - - - - - - - - - - - - - - - - - - - - - - - - - - - - - - - - - - - - - - - - - 

Executing tests from: [exp1.js]
2023-10-28 10:45:30 [debug]: Step 1 transaction was successful!
2023-10-28 10:45:30 [debug]: Waiting for 7 seconds to bypass the deadline for product discount...
2023-10-28 10:45:38 [debug]: Step 2 transaction was successful!
2023-10-28 10:45:38 [debug]: Step 3 transaction was successful!
2023-10-28 10:46:08 [info]: Setting up environment: [anvil]
2023-10-28 10:46:08 [info]: Running exploits for environment: [anvil]
2023-10-28 10:46:08 [info]: - - - - - - - - - - - - - - - - - - - - - - - - - - - - - - - - - - - - - - - - - - - - - - - - - - 

Executing tests from: [exp1.js]
2023-10-28 10:46:13 [debug]: Step 1 transaction was successful!
2023-10-28 10:46:13 [debug]: Waiting for 7 seconds to bypass the deadline for product discount...
2023-10-28 10:46:20 [debug]: Step 2 transaction was successful!
2023-10-28 10:46:20 [debug]: Step 3 transaction was successful!
2023-10-28 10:47:39 [info]: Setting up environment: [anvil]
2023-10-28 10:47:39 [info]: Running exploits for environment: [anvil]
2023-10-28 10:47:39 [info]: - - - - - - - - - - - - - - - - - - - - - - - - - - - - - - - - - - - - - - - - - - - - - - - - - - 


2023-10-28 10:47:39 [info]: Executing tests from: [exp1.js]
2023-10-28 10:47:44 [debug]: Step 1 transaction was successful!
2023-10-28 10:47:44 [debug]: Waiting for 7 seconds to bypass the deadline for product discount...
2023-10-28 10:47:51 [debug]: Step 2 transaction was successful!
2023-10-28 10:47:51 [debug]: Step 3 transaction was successful!
2023-10-28 10:47:59 [info]: Setting up environment: [anvil]
2023-10-28 10:47:59 [info]: Running exploits for environment: [anvil] 

2023-10-28 10:47:59 [info]: - - - - - - - - - - - - - - - - - - - - - - - - - - - - - - - - - - - - - - - - - - - - - - - - - - 

2023-10-28 10:47:59 [info]: Executing tests from: [exp1.js]
2023-10-28 10:48:03 [debug]: Step 1 transaction was successful!
2023-10-28 10:48:03 [debug]: Waiting for 7 seconds to bypass the deadline for product discount...
2023-10-28 10:48:10 [debug]: Step 2 transaction was successful!
2023-10-28 10:48:10 [debug]: Step 3 transaction was successful!
2023-10-28 10:50:52 [info]: Setting up environment: [anvil]
2023-10-28 10:50:52 [info]: Running exploits for environment: [anvil] 

2023-10-28 10:50:52 [info]: - - - - - - - - - - - - - - - - - - - - - - - - - - - - - - - - - - - - - - - - - - - - - - - - - - 

2023-10-28 10:50:52 [info]: Executing tests from: [exp1.js]
2023-10-28 10:50:59 [debug]: Step 1 transaction was successful!
2023-10-28 10:50:59 [debug]: Waiting for 7 seconds to bypass the deadline for product discount...
2023-10-28 10:51:06 [debug]: Step 2 transaction was successful!
2023-10-28 10:51:06 [debug]: Step 3 transaction was successful!
2023-10-28 11:29:06 [info]: Setting up environment: [anvil]
2023-10-28 11:29:07 [info]: Running exploits for environment: [anvil] 

2023-10-28 11:29:07 [info]: - - - - - - - - - - - - - - - - - - - - - - - - - - - - - - - - - - - - - - - - - - - - - - - - - - 

2023-10-28 11:29:07 [info]: Executing tests from: [exp1.js]
2023-10-28 11:29:11 [debug]: Step 1 transaction was successful!
2023-10-28 11:29:11 [debug]: Waiting for 7 seconds to bypass the deadline for product discount...
2023-10-28 11:29:15 [info]: Setting up environment: [anvil]
2023-10-28 11:29:16 [info]: Running exploits for environment: [anvil] 

2023-10-28 11:29:16 [info]: - - - - - - - - - - - - - - - - - - - - - - - - - - - - - - - - - - - - - - - - - - - - - - - - - - 

2023-10-28 11:29:16 [info]: Executing tests from: [exp1.js]
2023-10-28 11:29:20 [debug]: Step 1 transaction was successful!
2023-10-28 11:29:20 [debug]: Waiting for 7 seconds to bypass the deadline for product discount...
2023-10-28 11:29:27 [debug]: Step 2 transaction was successful!
2023-10-28 11:29:27 [debug]: Step 3 transaction was successful!
2023-10-28 12:22:00 [info]: Setting up environment: [anvil]
2023-10-28 12:22:00 [info]: Running exploits for environment: [anvil] 

2023-10-28 12:22:00 [info]: - - - - - - - - - - - - - - - - - - - - - - - - - - - - - - - - - - - - - - - - - - - - - - - - - - 

2023-10-28 12:22:00 [info]: Executing tests from: [exp1.js]
2023-10-28 12:22:08 [debug]: Step 1 transaction was successful!
2023-10-28 12:22:08 [debug]: Waiting for 7 seconds to bypass the deadline for product discount...
2023-10-28 12:22:15 [debug]: Step 2 transaction was successful!
2023-10-28 12:22:15 [debug]: Step 3 transaction was successful!
2023-10-28 12:22:49 [info]: Setting up environment: [anvil]
2023-10-28 12:22:49 [info]: Running exploits for environment: [anvil] 

2023-10-28 12:22:49 [info]: - - - - - - - - - - - - - - - - - - - - - - - - - - - - - - - - - - - - - - - - - - - - - - - - - - 

2023-10-28 12:22:49 [info]: Executing tests from: [exp1.js]
2023-10-28 12:22:54 [debug]: Step 1 transaction was successful!
2023-10-28 12:22:54 [debug]: Waiting for 7 seconds to bypass the deadline for product discount...
2023-10-28 12:23:01 [debug]: Step 2 transaction was successful!
2023-10-28 12:23:01 [debug]: Step 3 transaction was successful!
2023-10-28 14:40:09 [info]: Setting up environment: [undefined]
2023-10-28 14:40:09 [info]: Running exploits for environment: [undefined] 

2023-10-28 14:40:35 [info]: Setting up environment: [undefined]
2023-10-28 14:40:35 [info]: Running exploits for environment: [undefined] 

2023-10-28 14:41:32 [info]: Setting up environment: [undefined]
2023-10-28 14:41:32 [info]: Running exploits for environment: [undefined] 

2023-10-28 14:41:40 [info]: Setting up environment: [undefined]
2023-10-28 14:41:40 [info]: Running exploits for environment: [undefined] 

2023-10-28 14:42:20 [info]: Setting up environment: [undefined]
2023-10-28 14:42:20 [info]: Running exploits for environment: [undefined] 

2023-10-28 14:43:04 [info]: Setting up environment: [undefined]
2023-10-28 14:43:04 [info]: Running exploits for environment: [undefined] 

2023-10-28 14:46:11 [info]: Setting up environment: [anvil]
2023-10-28 14:46:11 [info]: Running exploits for environment: [anvil] 

2023-10-28 14:46:11 [info]: - - - - - - - - - - - - - - - - - - - - - - - - - - - - - - - - - - - - - - - - 

2023-10-28 14:46:11 [info]: Executing tests from: [exp1.js]
2023-10-28 14:46:15 [debug]: Step 1 transaction was successful!
2023-10-28 14:46:15 [debug]: Waiting for 7 seconds to bypass the deadline for product discount...
2023-10-28 14:46:22 [debug]: Step 2 transaction was successful!
2023-10-28 14:46:22 [debug]: Step 3 transaction was successful!
2023-10-28 14:46:22 [info]: Exploit successful!
2023-10-28 14:46:22 [info]: Setting up environment: [anvil]
2023-10-28 14:46:22 [info]: Running exploits for environment: [anvil] 

2023-10-28 14:46:22 [info]: - - - - - - - - - - - - - - - - - - - - - - - - - - - - - - - - - - - - - - - - 

2023-10-28 14:46:22 [info]: Executing tests from: [exp1.js]
2023-10-28 14:46:23 [debug]: Step 1 transaction was successful!
2023-10-28 14:46:23 [debug]: Waiting for 7 seconds to bypass the deadline for product discount...
2023-10-28 14:46:30 [debug]: Step 2 transaction was successful!
2023-10-28 14:46:30 [debug]: Step 3 transaction was successful!
2023-10-28 14:47:05 [info]: Setting up environment: [anvil]
2023-10-28 14:47:05 [info]: Running exploits for environment: [anvil] 

2023-10-28 14:47:05 [info]: - - - - - - - - - - - - - - - - - - - - - - - - - - - - - - - - - - - - - - - - 

2023-10-28 14:47:05 [info]: Executing tests from: [exp1.js]
2023-10-28 14:47:08 [debug]: Step 1 transaction was successful!
2023-10-28 14:47:08 [debug]: Waiting for 7 seconds to bypass the deadline for product discount...
2023-10-28 14:47:15 [debug]: Step 2 transaction was successful!
2023-10-28 14:47:15 [debug]: Step 3 transaction was successful!
2023-10-28 14:47:15 [info]: Exploit successful!
2023-10-28 14:47:15 [info]: Setting up environment: [anvil]
2023-10-28 14:47:15 [info]: Running exploits for environment: [anvil] 

2023-10-28 14:47:15 [info]: - - - - - - - - - - - - - - - - - - - - - - - - - - - - - - - - - - - - - - - - 

2023-10-28 14:47:15 [info]: Executing tests from: [exp1.js]
2023-10-28 14:47:16 [debug]: Step 1 transaction was successful!
2023-10-28 14:47:16 [debug]: Waiting for 7 seconds to bypass the deadline for product discount...
2023-10-28 14:47:23 [debug]: Step 2 transaction was successful!
2023-10-28 14:47:23 [debug]: Step 3 transaction was successful!
2023-10-28 14:47:23 [info]: Exploit successful!
2023-10-28 14:47:23 [info]: Setting up environment: [anvil]
2023-10-28 14:47:48 [info]: Setting up environment: [anvil]
2023-10-28 14:47:48 [info]: Running exploits for environment: [anvil] 

2023-10-28 14:47:48 [info]: - - - - - - - - - - - - - - - - - - - - - - - - - - - - - - - - - - - - - - - - 

2023-10-28 14:47:48 [info]: Executing tests from: [exp1.js]
2023-10-28 14:47:51 [debug]: Step 1 transaction was successful!
2023-10-28 14:47:51 [debug]: Waiting for 7 seconds to bypass the deadline for product discount...
2023-10-28 14:47:58 [debug]: Step 2 transaction was successful!
2023-10-28 14:47:58 [debug]: Step 3 transaction was successful!
2023-10-28 14:47:58 [info]: Exploit successful!
2023-10-28 14:47:58 [info]: Setting up environment: [anvil]
2023-10-28 14:47:58 [info]: Running exploits for environment: [anvil] 

2023-10-28 14:47:58 [info]: - - - - - - - - - - - - - - - - - - - - - - - - - - - - - - - - - - - - - - - - 

2023-10-28 14:47:58 [info]: Executing tests from: [exp1.js]
2023-10-28 14:47:59 [debug]: Step 1 transaction was successful!
2023-10-28 14:47:59 [debug]: Waiting for 7 seconds to bypass the deadline for product discount...
2023-10-28 14:48:06 [debug]: Step 2 transaction was successful!
2023-10-28 14:48:06 [debug]: Step 3 transaction was successful!
2023-10-28 14:48:06 [info]: Exploit successful!
2023-10-28 14:48:06 [info]: Setting up environment: [anvil]
2023-10-28 14:48:07 [info]: Running exploits for environment: [anvil] 

2023-10-28 14:48:07 [info]: - - - - - - - - - - - - - - - - - - - - - - - - - - - - - - - - - - - - - - - - 

2023-10-28 14:48:07 [info]: Executing tests from: [exp1.js]
2023-10-28 14:48:07 [debug]: Step 1 transaction was successful!
2023-10-28 14:48:07 [debug]: Waiting for 7 seconds to bypass the deadline for product discount...
2023-10-28 14:48:14 [debug]: Step 2 transaction was successful!
2023-10-28 14:48:14 [debug]: Step 3 transaction was successful!
2023-10-28 14:48:14 [info]: Exploit successful!
2023-10-28 14:48:14 [info]: Setting up environment: [anvil]
2023-10-28 14:48:15 [info]: Running exploits for environment: [anvil] 

2023-10-28 14:48:15 [info]: - - - - - - - - - - - - - - - - - - - - - - - - - - - - - - - - - - - - - - - - 

2023-10-28 14:48:15 [info]: Executing tests from: [exp1.js]
2023-10-28 14:48:15 [debug]: Step 1 transaction was successful!
2023-10-28 14:48:15 [debug]: Waiting for 7 seconds to bypass the deadline for product discount...
2023-10-28 14:48:22 [debug]: Step 2 transaction was successful!
2023-10-28 14:48:22 [debug]: Step 3 transaction was successful!
2023-10-28 15:25:27 [info]: Setting up environment: [anvil]
2023-10-28 15:25:27 [info]: Running exploits for environment: [anvil] 

2023-10-28 15:25:27 [info]: - - - - - - - - - - - - - - - - - - - - - - - - - - - - - - - - - - - - - - - - 

2023-10-28 15:25:27 [info]: Executing tests from: [exp1.js]
2023-10-28 15:25:32 [debug]: Step 1 transaction was successful!
2023-10-28 15:25:32 [debug]: Waiting for 7 seconds to bypass the deadline for product discount...
2023-10-28 15:25:39 [debug]: Step 2 transaction was successful!
2023-10-28 15:25:39 [debug]: Step 3 transaction was successful!
2023-10-28 15:25:39 [info]: Exploit successful!
2023-10-28 15:25:39 [info]: Setting up environment: [anvil]
2023-10-28 15:25:39 [info]: Running exploits for environment: [anvil] 

2023-10-28 15:25:39 [info]: - - - - - - - - - - - - - - - - - - - - - - - - - - - - - - - - - - - - - - - - 

2023-10-28 15:25:39 [info]: Executing tests from: [exp1.js]
2023-10-28 15:25:40 [debug]: Step 1 transaction was successful!
2023-10-28 15:25:40 [debug]: Waiting for 7 seconds to bypass the deadline for product discount...
2023-10-28 15:25:47 [debug]: Step 2 transaction was successful!
2023-10-28 15:25:47 [debug]: Step 3 transaction was successful!
2023-10-28 15:25:47 [info]: Exploit successful!
2023-10-28 15:25:47 [info]: Setting up environment: [anvil]
2023-10-28 15:25:47 [info]: Running exploits for environment: [anvil] 

2023-10-28 15:25:47 [info]: - - - - - - - - - - - - - - - - - - - - - - - - - - - - - - - - - - - - - - - - 

2023-10-28 15:25:47 [info]: Executing tests from: [exp1.js]
2023-10-28 15:25:48 [debug]: Step 1 transaction was successful!
2023-10-28 15:25:48 [debug]: Waiting for 7 seconds to bypass the deadline for product discount...
2023-10-28 15:25:55 [debug]: Step 2 transaction was successful!
2023-10-28 15:25:55 [debug]: Step 3 transaction was successful!
2023-10-28 15:25:55 [info]: Exploit successful!
2023-10-28 15:25:55 [info]: Setting up environment: [anvil]
2023-10-28 15:25:55 [info]: Running exploits for environment: [anvil] 

2023-10-28 15:25:55 [info]: - - - - - - - - - - - - - - - - - - - - - - - - - - - - - - - - - - - - - - - - 

2023-10-28 15:25:55 [info]: Executing tests from: [exp1.js]
2023-10-28 15:25:56 [debug]: Step 1 transaction was successful!
2023-10-28 15:25:56 [debug]: Waiting for 7 seconds to bypass the deadline for product discount...
2023-10-28 15:26:03 [debug]: Step 2 transaction was successful!
2023-10-28 15:26:03 [debug]: Step 3 transaction was successful!
2023-10-28 16:55:49 [info]: Setting up environment: [anvil]
2023-10-28 16:55:49 [info]: Running exploits for environment: [anvil] 

2023-10-28 16:55:49 [info]: - - - - - - - - - - - - - - - - - - - - - - - - - - - - - - - - - - - - - - - - 

2023-10-28 16:55:49 [info]: Executing tests from: [exp1.js]
2023-10-28 16:55:52 [debug]: Step 1 transaction was successful!
2023-10-28 16:55:52 [debug]: Waiting for 7 seconds to bypass the deadline for product discount...
2023-10-28 16:55:59 [debug]: Step 2 transaction was successful!
2023-10-28 16:55:59 [debug]: Step 3 transaction was successful!
2023-10-28 16:55:59 [info]: Exploit successful!
2023-10-28 16:55:59 [info]: Setting up environment: [anvil]
2023-10-28 16:55:59 [info]: Running exploits for environment: [anvil] 

2023-10-28 16:55:59 [info]: - - - - - - - - - - - - - - - - - - - - - - - - - - - - - - - - - - - - - - - - 

2023-10-28 16:55:59 [info]: Executing tests from: [exp1.js]
2023-10-28 16:56:00 [debug]: Step 1 transaction was successful!
2023-10-28 16:56:00 [debug]: Waiting for 7 seconds to bypass the deadline for product discount...
2023-10-28 16:56:06 [info]: Setting up environment: [anvil]
2023-10-28 16:56:06 [info]: Running exploits for environment: [anvil] 

2023-10-28 16:56:06 [info]: - - - - - - - - - - - - - - - - - - - - - - - - - - - - - - - - - - - - - - - - 

2023-10-28 16:56:06 [info]: Executing tests from: [exp1.js]
2023-10-28 16:59:07 [info]: Setting up environment: [anvil]
2023-10-28 17:00:11 [info]: Setting up environment: [anvil]
2023-10-28 17:21:58 [info]: Setting up environment: [anvil]
2023-10-28 17:24:11 [info]: Setting up environment: [anvil]
2023-10-28 17:24:11 [info]: Running exploits for environment: [anvil] 

2023-10-28 17:24:11 [info]: - - - - - - - - - - - - - - - - - - - - - - - - - - - - - - - - - - - - - - - - 

2023-10-28 17:24:11 [info]: Executing tests from: [exp1.js]
2023-10-28 17:24:16 [debug]: Step 1 transaction was successful!
2023-10-28 17:24:16 [debug]: Waiting for 7 seconds to bypass the deadline for product discount...
2023-10-28 17:24:23 [debug]: Step 2 transaction was successful!
2023-10-28 17:24:23 [debug]: Step 3 transaction was successful!
2023-10-28 17:24:23 [info]: Exploit successful!
2023-10-28 17:24:23 [info]: Setting up environment: [anvil]
2023-10-28 17:24:24 [info]: Running exploits for environment: [anvil] 

2023-10-28 17:24:24 [info]: - - - - - - - - - - - - - - - - - - - - - - - - - - - - - - - - - - - - - - - - 

2023-10-28 17:24:24 [info]: Executing tests from: [exp1.js]
2023-10-28 17:24:25 [debug]: Step 1 transaction was successful!
2023-10-28 17:24:25 [debug]: Waiting for 7 seconds to bypass the deadline for product discount...
2023-10-28 17:24:32 [debug]: Step 2 transaction was successful!
2023-10-28 17:24:32 [debug]: Step 3 transaction was successful!
2023-10-28 17:24:32 [info]: Exploit successful!
2023-10-28 17:24:32 [info]: Setting up environment: [anvil]
2023-10-28 17:24:32 [info]: Running exploits for environment: [anvil] 

2023-10-28 17:24:32 [info]: - - - - - - - - - - - - - - - - - - - - - - - - - - - - - - - - - - - - - - - - 

2023-10-28 17:24:32 [info]: Executing tests from: [exp1.js]
2023-10-28 17:24:33 [debug]: Step 1 transaction was successful!
2023-10-28 17:24:33 [debug]: Waiting for 7 seconds to bypass the deadline for product discount...
2023-10-28 17:24:40 [debug]: Step 2 transaction was successful!
2023-10-28 17:24:40 [debug]: Step 3 transaction was successful!
2023-10-28 17:24:40 [info]: Exploit successful!
2023-10-28 17:24:40 [info]: Setting up environment: [anvil]
2023-10-28 17:24:40 [info]: Running exploits for environment: [anvil] 

2023-10-28 17:24:40 [info]: - - - - - - - - - - - - - - - - - - - - - - - - - - - - - - - - - - - - - - - - 

2023-10-28 17:24:40 [info]: Executing tests from: [exp1.js]
2023-10-28 17:24:42 [debug]: Step 1 transaction was successful!
2023-10-28 17:24:42 [debug]: Waiting for 7 seconds to bypass the deadline for product discount...
2023-10-28 17:27:22 [info]: Setting up environment: [anvil]
2023-10-28 17:27:45 [info]: Running exploits for environment: [anvil] 

2023-10-28 17:27:45 [info]: - - - - - - - - - - - - - - - - - - - - - - - - - - - - - - - - - - - - - - - - 

2023-10-28 17:27:45 [info]: Executing tests from: [exp1.js]
2023-10-28 17:27:48 [debug]: Step 1 transaction was successful!
2023-10-28 17:27:48 [debug]: Waiting for 7 seconds to bypass the deadline for product discount...
2023-10-28 17:27:55 [debug]: Step 2 transaction was successful!
2023-10-28 17:27:55 [debug]: Step 3 transaction was successful!
2023-10-28 17:27:55 [info]: Exploit successful!
2023-10-28 17:27:55 [info]: Setting up environment: [anvil]
2023-10-28 17:28:15 [info]: Setting up environment: [anvil]
2023-10-28 17:39:32 [info]: Setting up environment: [anvil]
2023-10-28 17:39:48 [info]: Running exploits for environment: [anvil] 

2023-10-28 17:42:21 [info]: Setting up environment: [anvil]
2023-10-28 17:43:02 [info]: Setting up environment: [anvil]
2023-10-28 17:44:37 [info]: Setting up environment: [anvil]
2023-10-28 17:44:57 [info]: Setting up environment: [anvil]
2023-10-28 17:45:18 [info]: Setting up environment: [anvil]
2023-10-28 17:45:50 [info]: Setting up environment: [anvil]
2023-10-28 17:47:34 [info]: Setting up environment: [anvil]
2023-10-28 17:55:53 [info]: Setting up environment: [anvil]
2023-10-28 17:56:05 [info]: Setting up environment: [anvil]
2023-10-28 17:56:46 [info]: Setting up environment: [anvil]
2023-10-28 18:19:05 [info]: Setting up environment: [anvil]
2023-10-28 18:19:05 [info]: Running exploits for environment: [anvil] 

2023-10-28 18:19:05 [info]: - - - - - - - - - - - - - - - - - - - - - - - - - - - - - - - - - - - - - - - - 

2023-10-28 18:19:05 [info]: Executing tests from: [exp1.js]
2023-10-28 18:19:09 [debug]: Step 1 transaction was successful!
2023-10-28 18:19:09 [debug]: Waiting for 7 seconds to bypass the deadline for product discount...
2023-10-28 18:19:16 [debug]: Step 2 transaction was successful!
2023-10-28 18:19:16 [debug]: Step 3 transaction was successful!
2023-10-28 18:19:16 [info]: Exploit successful!
2023-10-28 18:19:16 [info]: Setting up environment: [anvil]
2023-10-28 18:19:16 [info]: Running exploits for environment: [anvil] 

2023-10-28 18:19:16 [info]: - - - - - - - - - - - - - - - - - - - - - - - - - - - - - - - - - - - - - - - - 

2023-10-28 18:19:16 [info]: Executing tests from: [exp1.js]
2023-10-28 18:19:17 [debug]: Step 1 transaction was successful!
2023-10-28 18:19:17 [debug]: Waiting for 7 seconds to bypass the deadline for product discount...
2023-10-28 18:19:23 [info]: Setting up environment: [anvil]
2023-10-28 18:19:23 [info]: Running exploits for environment: [anvil] 

2023-10-28 18:19:23 [info]: - - - - - - - - - - - - - - - - - - - - - - - - - - - - - - - - - - - - - - - - 

2023-10-28 18:19:23 [info]: Executing tests from: [exp1.js]
2023-10-28 18:19:38 [info]: Setting up environment: [anvil]
2023-10-28 18:19:38 [info]: Running exploits for environment: [anvil] 

2023-10-28 18:19:38 [info]: - - - - - - - - - - - - - - - - - - - - - - - - - - - - - - - - - - - - - - - - 

2023-10-28 18:19:38 [info]: Executing tests from: [exp1.js]
2023-10-28 18:20:02 [info]: Setting up environment: [anvil]
2023-10-28 18:20:02 [info]: Running exploits for environment: [anvil] 

2023-10-28 18:20:02 [info]: - - - - - - - - - - - - - - - - - - - - - - - - - - - - - - - - - - - - - - - - 

2023-10-28 18:20:02 [info]: Executing tests from: [exp1.js]
2023-10-28 18:20:05 [debug]: Step 1 transaction was successful!
2023-10-28 18:20:05 [debug]: Waiting for 7 seconds to bypass the deadline for product discount...
2023-10-28 18:20:31 [info]: Setting up environment: [anvil]
2023-10-28 18:20:32 [info]: Running exploits for environment: [anvil] 

2023-10-28 18:20:32 [info]: - - - - - - - - - - - - - - - - - - - - - - - - - - - - - - - - - - - - - - - - 

2023-10-28 18:20:32 [info]: Executing tests from: [exp1.js]
2023-10-28 18:20:35 [debug]: Step 1 transaction was successful!
2023-10-28 18:20:35 [debug]: Waiting for 7 seconds to bypass the deadline for product discount...
2023-10-28 18:20:42 [debug]: Step 2 transaction was successful!
2023-10-28 18:20:42 [debug]: Step 3 transaction was successful!
2023-10-28 18:20:42 [info]: Exploit successful!
2023-10-28 18:20:42 [info]: Setting up environment: [anvil]
2023-10-28 18:20:42 [info]: Running exploits for environment: [anvil] 

2023-10-28 18:20:42 [info]: - - - - - - - - - - - - - - - - - - - - - - - - - - - - - - - - - - - - - - - - 

2023-10-28 18:20:42 [info]: Executing tests from: [exp1.js]
2023-10-28 18:20:43 [info]: Setting up environment: [anvil]
2023-10-28 18:20:43 [info]: Running exploits for environment: [anvil] 

2023-10-28 18:20:43 [info]: - - - - - - - - - - - - - - - - - - - - - - - - - - - - - - - - - - - - - - - - 

2023-10-28 18:20:43 [info]: Executing tests from: [exp1.js]
2023-10-28 18:20:46 [debug]: Step 1 transaction was successful!
2023-10-28 18:20:46 [debug]: Waiting for 7 seconds to bypass the deadline for product discount...
2023-10-28 18:21:13 [info]: Setting up environment: [anvil]
2023-10-28 18:21:13 [info]: Running exploits for environment: [anvil] 

2023-10-28 18:21:13 [info]: - - - - - - - - - - - - - - - - - - - - - - - - - - - - - - - - - - - - - - - - 

2023-10-28 18:21:13 [info]: Executing tests from: [exp1.js]
2023-10-28 18:21:17 [debug]: Step 1 transaction was successful!
2023-10-28 18:21:17 [debug]: Waiting for 7 seconds to bypass the deadline for product discount...
2023-10-28 18:21:24 [debug]: Step 2 transaction was successful!
2023-10-28 18:21:24 [debug]: Step 3 transaction was successful!
2023-10-28 18:21:24 [info]: Exploit successful!
2023-10-28 18:21:24 [info]: Setting up environment: [anvil]
2023-10-28 18:21:24 [info]: Running exploits for environment: [anvil] 

2023-10-28 18:21:24 [info]: - - - - - - - - - - - - - - - - - - - - - - - - - - - - - - - - - - - - - - - - 

2023-10-28 18:21:24 [info]: Executing tests from: [exp1.js]
2023-10-28 18:21:25 [debug]: Step 1 transaction was successful!
2023-10-28 18:21:25 [debug]: Waiting for 7 seconds to bypass the deadline for product discount...
2023-10-28 18:21:32 [debug]: Step 2 transaction was successful!
2023-10-28 18:21:33 [debug]: Step 3 transaction was successful!
2023-10-28 18:21:33 [info]: Exploit successful!
2023-10-28 18:21:33 [info]: Setting up environment: [anvil]
2023-10-28 18:21:33 [info]: Running exploits for environment: [anvil] 

2023-10-28 18:21:33 [info]: - - - - - - - - - - - - - - - - - - - - - - - - - - - - - - - - - - - - - - - - 

2023-10-28 18:21:33 [info]: Executing tests from: [exp1.js]
2023-10-28 18:21:34 [debug]: Step 1 transaction was successful!
2023-10-28 18:21:34 [debug]: Waiting for 7 seconds to bypass the deadline for product discount...
2023-10-28 18:22:17 [info]: Setting up environment: [anvil]
2023-10-28 18:22:17 [info]: Running exploits for environment: [anvil] 

2023-10-28 18:22:17 [info]: - - - - - - - - - - - - - - - - - - - - - - - - - - - - - - - - - - - - - - - - 

2023-10-28 18:22:17 [info]: Executing tests from: [exp1.js]
2023-10-28 18:22:20 [debug]: Step 1 transaction was successful!
2023-10-28 18:22:20 [debug]: Waiting for 7 seconds to bypass the deadline for product discount...
2023-10-28 19:05:19 [info]: Setting up environment: [anvil]
2023-10-28 19:05:19 [info]: Running exploits for environment: [anvil] 

2023-10-28 19:05:19 [info]: - - - - - - - - - - - - - - - - - - - - - - - - - - - - - - - - - - - - - - - - 

2023-10-28 19:05:19 [info]: Executing tests from: [exp1.js]
2023-10-28 19:50:29 [info]: Setting up environment: [anvil]
2023-10-28 19:50:29 [info]: Running exploits for environment: [anvil] 

2023-10-28 19:50:29 [info]: - - - - - - - - - - - - - - - - - - - - - - - - - - - - - - - - - - - - - - - - 

2023-10-28 19:50:29 [info]: Executing tests from: [exp1.js]
2023-10-28 19:55:35 [info]: Setting up environment: [anvil]
2023-10-28 19:55:35 [info]: Running exploits for environment: [anvil] 

2023-10-28 19:55:35 [info]: - - - - - - - - - - - - - - - - - - - - - - - - - - - - - - - - - - - - - - - - 

2023-10-28 19:55:35 [info]: Executing tests from: [exp1.js]
2023-10-28 19:56:31 [info]: Setting up environment: [anvil]
2023-10-28 19:56:31 [info]: Running exploits for environment: [anvil] 

2023-10-28 19:56:31 [info]: - - - - - - - - - - - - - - - - - - - - - - - - - - - - - - - - - - - - - - - - 

2023-10-28 19:56:31 [info]: Executing tests from: [exp1.js]
2023-10-28 19:56:36 [debug]: Step 1 transaction was successful!
2023-10-28 19:56:36 [debug]: Waiting for 7 seconds to bypass the deadline for product discount...
2023-10-28 19:56:43 [debug]: Step 2 transaction was successful!
2023-10-28 19:56:44 [debug]: Step 3 transaction was successful!
2023-10-28 19:56:44 [info]: Exploit successful!
2023-10-28 19:56:44 [info]: Setting up environment: [anvil]
2023-10-28 19:56:44 [info]: Running exploits for environment: [anvil] 

2023-10-28 19:56:44 [info]: - - - - - - - - - - - - - - - - - - - - - - - - - - - - - - - - - - - - - - - - 

2023-10-28 19:56:44 [info]: Executing tests from: [exp1.js]
2023-10-28 19:56:45 [debug]: Step 1 transaction was successful!
2023-10-28 19:56:45 [debug]: Waiting for 7 seconds to bypass the deadline for product discount...
2023-10-28 19:56:52 [debug]: Step 2 transaction was successful!
2023-10-28 19:56:52 [debug]: Step 3 transaction was successful!
2023-10-28 19:56:52 [info]: Exploit successful!
2023-10-28 19:56:52 [info]: Setting up environment: [anvil]
2023-10-28 19:56:52 [info]: Running exploits for environment: [anvil] 

2023-10-28 19:56:52 [info]: - - - - - - - - - - - - - - - - - - - - - - - - - - - - - - - - - - - - - - - - 

2023-10-28 19:56:52 [info]: Executing tests from: [exp1.js]
2023-10-28 19:56:53 [debug]: Step 1 transaction was successful!
2023-10-28 19:56:53 [debug]: Waiting for 7 seconds to bypass the deadline for product discount...
2023-10-28 20:03:44 [info]: Setting up environment: [anvil]
2023-10-28 20:03:45 [info]: Running exploits for environment: [anvil] 

2023-10-28 20:03:45 [info]: - - - - - - - - - - - - - - - - - - - - - - - - - - - - - - - - - - - - - - - - 

2023-10-28 20:03:45 [info]: Executing tests from: [exp1.js]
2023-10-28 20:03:50 [debug]: Step 1 transaction was successful!
2023-10-28 20:03:50 [debug]: Waiting for 7 seconds to bypass the deadline for product discount...
2023-10-28 20:03:57 [debug]: Step 2 transaction was successful!
2023-10-28 20:03:58 [debug]: Step 3 transaction was successful!
2023-10-28 20:03:58 [info]: Exploit successful!
2023-10-28 20:03:58 [info]: Setting up environment: [anvil]
2023-10-28 20:03:58 [info]: Running exploits for environment: [anvil] 

2023-10-28 20:03:58 [info]: - - - - - - - - - - - - - - - - - - - - - - - - - - - - - - - - - - - - - - - - 

2023-10-28 20:03:58 [info]: Executing tests from: [exp1.js]
2023-10-28 20:03:59 [debug]: Step 1 transaction was successful!
2023-10-28 20:03:59 [debug]: Waiting for 7 seconds to bypass the deadline for product discount...
2023-10-28 20:04:07 [debug]: Step 2 transaction was successful!
2023-10-28 20:04:07 [debug]: Step 3 transaction was successful!
2023-10-28 20:04:07 [info]: Exploit successful!
2023-10-28 20:04:07 [info]: Setting up environment: [anvil]
2023-10-28 20:04:07 [info]: Running exploits for environment: [anvil] 

2023-10-28 20:04:07 [info]: - - - - - - - - - - - - - - - - - - - - - - - - - - - - - - - - - - - - - - - - 

2023-10-28 20:04:07 [info]: Executing tests from: [exp1.js]
2023-10-28 20:04:08 [debug]: Step 1 transaction was successful!
2023-10-28 20:04:08 [debug]: Waiting for 7 seconds to bypass the deadline for product discount...
2023-10-28 20:04:15 [debug]: Step 2 transaction was successful!
2023-10-28 20:04:15 [debug]: Step 3 transaction was successful!
2023-10-28 20:04:15 [info]: Exploit successful!
2023-10-28 20:04:15 [info]: Setting up environment: [anvil]
2023-10-28 20:04:15 [info]: Running exploits for environment: [anvil] 

2023-10-28 20:04:15 [info]: - - - - - - - - - - - - - - - - - - - - - - - - - - - - - - - - - - - - - - - - 

2023-10-28 20:04:15 [info]: Executing tests from: [exp1.js]
2023-10-28 20:04:16 [debug]: Step 1 transaction was successful!
2023-10-28 20:04:16 [debug]: Waiting for 7 seconds to bypass the deadline for product discount...
