2024-04-23 12:09:21 [info]: Setting up environment: [anvil]
2024-04-23 12:10:32 [info]: Setting up environment: [anvil]
2024-04-23 12:11:09 [info]: Setting up environment: [anvil]
2024-04-23 12:14:06 [info]: Setting up environment: [anvil]
2024-04-23 12:14:54 [info]: Setting up environment: [anvil]
2024-04-23 12:14:59 [info]: Running exploits for environment: [anvil] 

2024-04-23 12:14:59 [info]: - - - - - - - - - - - - - - - - - - - - - - - - - - - - - - - - - - - - - - - - 

2024-04-23 12:14:59 [info]: Executing tests from: [exp1.js]
2024-04-23 12:20:02 [info]: Setting up environment: [anvil]
2024-04-23 12:20:07 [info]: Monitoring the contract: 0x5FbDB2315678afecb367f032d93F642f64180aa3
2024-04-23 12:20:07 [info]: Running exploits for environment: [anvil] 

2024-04-23 12:20:07 [info]: - - - - - - - - - - - - - - - - - - - - - - - - - - - - - - - - - - - - - - - - 

2024-04-23 12:20:07 [info]: Executing exploits from: [exp1.js]
2024-04-23 12:20:26 [info]: Setting up environment: [anvil]
2024-04-23 12:20:31 [info]: Monitoring the contract: 0x5FbDB2315678afecb367f032d93F642f64180aa3
2024-04-23 12:20:31 [info]: Running exploits for environment: [anvil] 

2024-04-23 12:20:31 [info]: - - - - - - - - - - - - - - - - - - - - - - - - - - - - - - - - - - - - - - - - 

2024-04-23 12:20:31 [info]: Executing exploits from: [exp1.js]
2024-04-23 12:21:42 [info]: Setting up environment: [anvil]
2024-04-23 12:22:17 [info]: Setting up environment: [anvil]
2024-04-23 12:22:25 [info]: Monitoring the contract: 0x5FbDB2315678afecb367f032d93F642f64180aa3
2024-04-23 12:22:25 [info]: Running exploits for environment: [anvil] 

2024-04-23 12:22:25 [info]: - - - - - - - - - - - - - - - - - - - - - - - - - - - - - - - - - - - - - - - - 

2024-04-23 12:22:25 [info]: Executing exploits from: [exp1.js]
2024-04-23 12:27:39 [info]: Setting up environment: [anvil]
2024-04-23 12:27:44 [info]: Monitoring the contract: 0x5FbDB2315678afecb367f032d93F642f64180aa3
2024-04-23 12:27:44 [info]: Running exploits for environment: [anvil] 

2024-04-23 12:27:44 [info]: - - - - - - - - - - - - - - - - - - - - - - - - - - - - - - - - - - - - - - - - 

2024-04-23 12:27:44 [info]: Executing exploits from: [exp1.js]
2024-04-23 12:28:11 [info]: Setting up environment: [anvil]
2024-04-23 12:28:15 [info]: Monitoring the contract: 0x5FbDB2315678afecb367f032d93F642f64180aa3
2024-04-23 12:28:15 [info]: Running exploits for environment: [anvil] 

2024-04-23 12:28:15 [info]: - - - - - - - - - - - - - - - - - - - - - - - - - - - - - - - - - - - - - - - - 

2024-04-23 12:28:15 [info]: Executing exploits from: [exp1.js]
2024-04-23 12:42:30 [info]: Setting up environment: [anvil]
2024-04-23 12:42:35 [info]: Monitoring the contract: 0x5FbDB2315678afecb367f032d93F642f64180aa3
2024-04-23 12:42:35 [info]: Running exploits for environment: [anvil] 

2024-04-23 12:42:35 [info]: - - - - - - - - - - - - - - - - - - - - - - - - - - - - - - - - - - - - - - - - 

2024-04-23 12:42:35 [info]: Executing exploits from: [exp1.js]
2024-04-23 12:42:54 [info]: Setting up environment: [anvil]
2024-04-23 12:42:59 [info]: Monitoring the contract: 0x5FbDB2315678afecb367f032d93F642f64180aa3
2024-04-23 12:42:59 [info]: Running exploits for environment: [anvil] 

2024-04-23 12:42:59 [info]: - - - - - - - - - - - - - - - - - - - - - - - - - - - - - - - - - - - - - - - - 

2024-04-23 12:42:59 [info]: Executing exploits from: [exp1.js]
2024-04-23 12:44:03 [info]: Setting up environment: [anvil]
2024-04-23 12:44:08 [info]: Monitoring the contract: 0x5FbDB2315678afecb367f032d93F642f64180aa3
2024-04-23 12:44:08 [info]: Running exploits for environment: [anvil] 

2024-04-23 12:44:08 [info]: - - - - - - - - - - - - - - - - - - - - - - - - - - - - - - - - - - - - - - - - 

2024-04-23 12:44:08 [info]: Executing exploits from: [exp1.js]
2024-04-23 12:52:21 [info]: Setting up environment: [anvil]
2024-04-23 12:53:38 [info]: Setting up environment: [anvil]
2024-04-23 12:54:10 [info]: Setting up environment: [anvil]
2024-04-23 12:54:44 [info]: Setting up environment: [anvil]
2024-04-23 12:56:15 [info]: Setting up environment: [anvil]
2024-04-23 12:57:25 [info]: Setting up environment: [anvil]
2024-04-23 12:57:41 [info]: Setting up environment: [anvil]
2024-04-23 12:58:05 [info]: Setting up environment: [anvil]
2024-04-23 12:59:30 [info]: Setting up environment: [anvil]
2024-04-23 12:59:35 [info]: Monitoring the contract: 0x5FbDB2315678afecb367f032d93F642f64180aa3
2024-04-23 12:59:35 [info]: Running exploits for environment: [anvil] 

2024-04-23 12:59:35 [info]: - - - - - - - - - - - - - - - - - - - - - - - - - - - - - - - - - - - - - - - - 

2024-04-23 12:59:35 [info]: Executing exploits from: [helloExploit.js]
2024-04-23 13:00:12 [info]: Setting up environment: [anvil]
2024-04-23 13:00:17 [info]: Monitoring the contract: 0x5FbDB2315678afecb367f032d93F642f64180aa3
2024-04-23 13:00:17 [info]: Running exploits for environment: [anvil] 

2024-04-23 13:00:17 [info]: - - - - - - - - - - - - - - - - - - - - - - - - - - - - - - - - - - - - - - - - 

2024-04-23 13:00:17 [info]: Executing exploits from: [helloExploit.js]
2024-04-23 13:00:42 [info]: Setting up environment: [anvil]
2024-04-23 13:00:47 [info]: Monitoring the contract: 0x5FbDB2315678afecb367f032d93F642f64180aa3
2024-04-23 13:00:47 [info]: Running exploits for environment: [anvil] 

2024-04-23 13:00:47 [info]: - - - - - - - - - - - - - - - - - - - - - - - - - - - - - - - - - - - - - - - - 

2024-04-23 13:00:47 [info]: Executing exploits from: [helloExploit.js]
2024-04-23 13:01:54 [info]: Setting up environment: [anvil]
2024-04-23 13:01:59 [info]: Monitoring the contract: 0x5FbDB2315678afecb367f032d93F642f64180aa3
2024-04-23 13:01:59 [info]: Running exploits for environment: [anvil] 

2024-04-23 13:01:59 [info]: - - - - - - - - - - - - - - - - - - - - - - - - - - - - - - - - - - - - - - - - 

2024-04-23 13:01:59 [info]: Executing exploits from: [helloExploit.js]
2024-04-23 13:02:30 [info]: Setting up environment: [anvil]
2024-04-23 13:02:35 [info]: Monitoring the contract: 0x5FbDB2315678afecb367f032d93F642f64180aa3
2024-04-23 13:02:35 [info]: Running exploits for environment: [anvil] 

2024-04-23 13:02:35 [info]: - - - - - - - - - - - - - - - - - - - - - - - - - - - - - - - - - - - - - - - - 

2024-04-23 13:02:35 [info]: Executing exploits from: [helloExploit.js]
2024-04-23 13:02:45 [info]: Setting up environment: [anvil]
2024-04-23 13:02:50 [info]: Monitoring the contract: 0x5FbDB2315678afecb367f032d93F642f64180aa3
2024-04-23 13:02:50 [info]: Running exploits for environment: [anvil] 

2024-04-23 13:02:50 [info]: - - - - - - - - - - - - - - - - - - - - - - - - - - - - - - - - - - - - - - - - 

2024-04-23 13:02:50 [info]: Executing exploits from: [helloExploit.js]
2024-04-23 13:03:13 [info]: Setting up environment: [anvil]
2024-04-23 13:03:17 [info]: Monitoring the contract: 0x5FbDB2315678afecb367f032d93F642f64180aa3
2024-04-23 13:03:17 [info]: Running exploits for environment: [anvil] 

2024-04-23 13:03:17 [info]: - - - - - - - - - - - - - - - - - - - - - - - - - - - - - - - - - - - - - - - - 

2024-04-23 13:03:17 [info]: Executing exploits from: [helloExploit.js]
2024-04-23 13:08:00 [info]: Setting up environment: [anvil]
2024-04-23 13:08:05 [info]: Monitoring the contract: 0x5FbDB2315678afecb367f032d93F642f64180aa3
2024-04-23 13:08:05 [info]: Running exploits for environment: [anvil] 

2024-04-23 13:08:05 [info]: - - - - - - - - - - - - - - - - - - - - - - - - - - - - - - - - - - - - - - - - 

2024-04-23 13:08:05 [info]: Executing exploits from: [helloExploit.js]
2024-04-23 13:08:29 [info]: Setting up environment: [anvil]
2024-04-23 13:08:34 [info]: Monitoring the contract: 0x5FbDB2315678afecb367f032d93F642f64180aa3
2024-04-23 13:08:34 [info]: Running exploits for environment: [anvil] 

2024-04-23 13:08:34 [info]: - - - - - - - - - - - - - - - - - - - - - - - - - - - - - - - - - - - - - - - - 

2024-04-23 13:08:34 [info]: Executing exploits from: [helloExploit.js]
2024-04-23 13:08:58 [info]: Setting up environment: [anvil]
2024-04-23 13:09:04 [info]: Monitoring the contract: 0x5FbDB2315678afecb367f032d93F642f64180aa3
2024-04-23 13:09:04 [info]: Running exploits for environment: [anvil] 

2024-04-23 13:09:04 [info]: - - - - - - - - - - - - - - - - - - - - - - - - - - - - - - - - - - - - - - - - 

2024-04-23 13:09:04 [info]: Executing exploits from: [helloExploit.js]
2024-04-23 13:09:17 [info]: Setting up environment: [anvil]
2024-04-23 13:09:22 [info]: Monitoring the contract: 0x5FbDB2315678afecb367f032d93F642f64180aa3
2024-04-23 13:09:22 [info]: Running exploits for environment: [anvil] 

2024-04-23 13:09:22 [info]: - - - - - - - - - - - - - - - - - - - - - - - - - - - - - - - - - - - - - - - - 

2024-04-23 13:09:22 [info]: Executing exploits from: [helloExploit.js]
2024-04-23 13:09:31 [info]: Setting up environment: [anvil]
2024-04-23 13:09:37 [info]: Monitoring the contract: 0x5FbDB2315678afecb367f032d93F642f64180aa3
2024-04-23 13:09:37 [info]: Running exploits for environment: [anvil] 

2024-04-23 13:09:37 [info]: - - - - - - - - - - - - - - - - - - - - - - - - - - - - - - - - - - - - - - - - 

2024-04-23 13:09:37 [info]: Executing exploits from: [helloExploit.js]
2024-04-23 13:09:49 [info]: Setting up environment: [anvil]
2024-04-23 13:09:55 [info]: Monitoring the contract: 0x5FbDB2315678afecb367f032d93F642f64180aa3
2024-04-23 13:09:55 [info]: Running exploits for environment: [anvil] 

2024-04-23 13:09:55 [info]: - - - - - - - - - - - - - - - - - - - - - - - - - - - - - - - - - - - - - - - - 

2024-04-23 13:09:55 [info]: Executing exploits from: [helloExploit.js]
2024-04-23 13:10:11 [info]: Setting up environment: [anvil]
2024-04-23 13:10:16 [info]: Monitoring the contract: 0x5FbDB2315678afecb367f032d93F642f64180aa3
2024-04-23 13:10:16 [info]: Running exploits for environment: [anvil] 

2024-04-23 13:10:16 [info]: - - - - - - - - - - - - - - - - - - - - - - - - - - - - - - - - - - - - - - - - 

2024-04-23 13:10:16 [info]: Executing exploits from: [helloExploit.js]
2024-04-23 13:12:19 [info]: Setting up environment: [anvil]
2024-04-23 13:12:25 [info]: Monitoring the contract: 0x5FbDB2315678afecb367f032d93F642f64180aa3
2024-04-23 13:12:25 [info]: Running exploits for environment: [anvil] 

2024-04-23 13:12:25 [info]: - - - - - - - - - - - - - - - - - - - - - - - - - - - - - - - - - - - - - - - - 

2024-04-23 13:12:25 [info]: Executing exploits from: [helloExploit.js]
2024-04-23 13:15:06 [info]: Setting up environment: [anvil]
2024-04-23 13:15:12 [info]: Monitoring the contract: 0x5FbDB2315678afecb367f032d93F642f64180aa3
2024-04-23 13:15:12 [info]: Running exploits for environment: [anvil] 

2024-04-23 13:15:12 [info]: - - - - - - - - - - - - - - - - - - - - - - - - - - - - - - - - - - - - - - - - 

2024-04-23 13:15:12 [info]: Executing exploits from: [helloExploit.js]
2024-04-23 13:15:36 [info]: Setting up environment: [anvil]
2024-04-23 13:15:41 [info]: Monitoring the contract: 0x5FbDB2315678afecb367f032d93F642f64180aa3
2024-04-23 13:15:41 [info]: Running exploits for environment: [anvil] 

2024-04-23 13:15:41 [info]: - - - - - - - - - - - - - - - - - - - - - - - - - - - - - - - - - - - - - - - - 

2024-04-23 13:15:41 [info]: Executing exploits from: [helloExploit.js]
2024-04-23 13:16:12 [info]: Setting up environment: [anvil]
2024-04-23 13:16:18 [info]: Monitoring the contract: 0x5FbDB2315678afecb367f032d93F642f64180aa3
2024-04-23 13:16:18 [info]: Running exploits for environment: [anvil] 

2024-04-23 13:16:18 [info]: - - - - - - - - - - - - - - - - - - - - - - - - - - - - - - - - - - - - - - - - 

2024-04-23 13:16:18 [info]: Executing exploits from: [helloExploit.js]
2024-04-23 13:18:44 [info]: Setting up environment: [anvil]
2024-04-23 13:18:50 [info]: Monitoring the contract: 0x5FbDB2315678afecb367f032d93F642f64180aa3
2024-04-23 13:18:50 [info]: Running exploits for environment: [anvil] 

2024-04-23 13:18:50 [info]: - - - - - - - - - - - - - - - - - - - - - - - - - - - - - - - - - - - - - - - - 

2024-04-23 13:18:50 [info]: Executing exploits from: [helloExploit.js]
2024-04-23 13:18:52 [info]: Exploit Failed!
2024-04-23 13:19:42 [info]: Setting up environment: [anvil]
2024-04-23 13:19:47 [info]: Monitoring the contract: 0x5FbDB2315678afecb367f032d93F642f64180aa3
2024-04-23 13:19:47 [info]: Running exploits for environment: [anvil] 

2024-04-23 13:19:47 [info]: - - - - - - - - - - - - - - - - - - - - - - - - - - - - - - - - - - - - - - - - 

2024-04-23 13:19:47 [info]: Executing exploits from: [helloExploit.js]
2024-04-23 13:19:51 [info]: Exploit successful!
